<?xml version="1.0" encoding="UTF-8"?>
<testng-results ignored="0" total="1" passed="1" failed="0" skipped="0">
  <reporter-output>
  </reporter-output>
  <suite started-at="2019-12-30T04:27:40Z" name="Suite" finished-at="2019-12-30T04:27:54Z" duration-ms="14207">
    <groups>
    </groups>
    <test started-at="2019-12-30T04:27:40Z" name="Test" finished-at="2019-12-30T04:27:54Z" duration-ms="14207">
      <class name="packageBrowser.OpenBrowserWOExe">
        <test-method signature="openBrowser()[pri:0, instance:packageBrowser.OpenBrowserWOExe@13bc8645]" started-at="2019-12-30T09:57:40Z" name="openBrowser" finished-at="2019-12-30T09:57:54Z" duration-ms="14176" status="PASS">
          <reporter-output>
          </reporter-output>
        </test-method> <!-- openBrowser -->
      </class> <!-- packageBrowser.OpenBrowserWOExe -->
    </test> <!-- Test -->
  </suite> <!-- Suite -->
</testng-results>
